2025-12-10 11:42:17,604 INFO o.a.j.u.JMeterUtils: Setting Locale to en_EN
2025-12-10 11:42:17,623 INFO o.a.j.JMeter: Loading user properties from: /opt/homebrew/Cellar/jmeter/5.6.3/libexec/bin/user.properties
2025-12-10 11:42:17,623 INFO o.a.j.JMeter: Loading system properties from: /opt/homebrew/Cellar/jmeter/5.6.3/libexec/bin/system.properties
2025-12-10 11:42:17,626 INFO o.a.j.JMeter: Copyright (c) 1998-2024 The Apache Software Foundation
2025-12-10 11:42:17,626 INFO o.a.j.JMeter: Version 5.6.3
2025-12-10 11:42:17,626 INFO o.a.j.JMeter: java.version=21.0.9
2025-12-10 11:42:17,626 INFO o.a.j.JMeter: java.vm.name=OpenJDK 64-Bit Server VM
2025-12-10 11:42:17,627 INFO o.a.j.JMeter: os.name=Mac OS X
2025-12-10 11:42:17,627 INFO o.a.j.JMeter: os.arch=aarch64
2025-12-10 11:42:17,627 INFO o.a.j.JMeter: os.version=26.1
2025-12-10 11:42:17,627 INFO o.a.j.JMeter: file.encoding=UTF-8
2025-12-10 11:42:17,627 INFO o.a.j.JMeter: java.awt.headless=null
2025-12-10 11:42:17,627 INFO o.a.j.JMeter: Max memory     =1073741824
2025-12-10 11:42:17,627 INFO o.a.j.JMeter: Available Processors =8
2025-12-10 11:42:17,634 INFO o.a.j.JMeter: Default Locale=English (EN)
2025-12-10 11:42:17,634 INFO o.a.j.JMeter: JMeter  Locale=English (EN)
2025-12-10 11:42:17,634 INFO o.a.j.JMeter: JMeterHome=/opt/homebrew/Cellar/jmeter/5.6.3/libexec
2025-12-10 11:42:17,634 INFO o.a.j.JMeter: user.dir  =/Users/ponk6745/Documents/SELab
2025-12-10 11:42:17,634 INFO o.a.j.JMeter: PWD       =/Users/ponk6745/Documents/SELab
2025-12-10 11:42:17,637 INFO o.a.j.JMeter: IP: 127.0.0.1 Name: Shreyaans-MacBook-Air-190.local FullName: localhost
2025-12-10 11:42:17,645 INFO o.a.j.JMeter: Loaded icon properties from org/apache/jmeter/images/icon.properties
2025-12-10 11:42:18,267 INFO o.a.j.JMeterGuiLauncher: Setting LAF to: com.github.weisj.darklaf.DarkLaf:com.github.weisj.darklaf.theme.DarculaTheme
2025-12-10 11:42:19,519 INFO o.a.j.r.ClassFinder: Will scan jar /opt/homebrew/Cellar/jmeter/5.6.3/libexec/lib/ext/jmeter-plugins-manager-1.9.jar with filter ExtendsClassFilter [parents=[interface org.apache.jmeter.gui.action.Command], inner=false, contains=null, notContains=null]. Consider exposing JMeter plugins via META-INF/services, and add JMeter-Skip-Class-Scanning=true manifest attribute so JMeter can skip classfile scanning
2025-12-10 11:42:19,587 INFO o.a.j.r.ClassFinder: Will scan jar /opt/homebrew/Cellar/jmeter/5.6.3/libexec/lib/ext/jmeter-plugins-manager-1.9.jar with filter ExtendsClassFilter [parents=[interface org.apache.jmeter.gui.plugin.MenuCreator], inner=false, contains=null, notContains=null]. Consider exposing JMeter plugins via META-INF/services, and add JMeter-Skip-Class-Scanning=true manifest attribute so JMeter can skip classfile scanning
2025-12-10 11:42:19,655 INFO o.j.r.JARSourceHTTP: Requesting https://jmeter-plugins.org/repo/?installID=mac_os_x-ed8ee5faeccb261911a344740deee3d8-gui
2025-12-10 11:42:20,836 INFO o.a.j.JMeterGuiLauncher: Loading file: tests/performance/test_plan.jmx
2025-12-10 11:42:20,838 INFO o.a.j.s.FileServer: Default base='/Users/ponk6745/Documents/SELab'
2025-12-10 11:42:20,838 INFO o.a.j.s.FileServer: Set new base='/Users/ponk6745/Documents/SELab/tests/performance'
2025-12-10 11:42:20,955 INFO o.a.j.s.SaveService: Testplan (JMX) version: 2.2. Testlog (JTL) version: 2.2
2025-12-10 11:42:20,962 INFO o.a.j.s.SaveService: Using SaveService properties version 5.0
2025-12-10 11:42:20,963 INFO o.a.j.s.SaveService: Using SaveService properties file encoding UTF-8
2025-12-10 11:42:20,964 INFO o.a.j.s.SaveService: Loading file: tests/performance/test_plan.jmx
2025-12-10 11:42:21,017 INFO o.a.j.p.h.s.HTTPSamplerBase: Parser for text/html is org.apache.jmeter.protocol.http.parser.LagartoBasedHtmlParser
2025-12-10 11:42:21,017 INFO o.a.j.p.h.s.HTTPSamplerBase: Parser for application/xhtml+xml is org.apache.jmeter.protocol.http.parser.LagartoBasedHtmlParser
2025-12-10 11:42:21,017 INFO o.a.j.p.h.s.HTTPSamplerBase: Parser for application/xml is org.apache.jmeter.protocol.http.parser.LagartoBasedHtmlParser
2025-12-10 11:42:21,017 INFO o.a.j.p.h.s.HTTPSamplerBase: Parser for text/xml is org.apache.jmeter.protocol.http.parser.LagartoBasedHtmlParser
2025-12-10 11:42:21,017 INFO o.a.j.p.h.s.HTTPSamplerBase: Parser for text/vnd.wap.wml is org.apache.jmeter.protocol.http.parser.RegexpHTMLParser
2025-12-10 11:42:21,017 INFO o.a.j.p.h.s.HTTPSamplerBase: Parser for text/css is org.apache.jmeter.protocol.http.parser.CssParser
2025-12-10 11:42:21,051 INFO o.a.j.s.FileServer: Set new base='/Users/ponk6745/Documents/SELab/tests/performance'
2025-12-10 11:42:21,165 INFO o.a.j.s.SampleResult: Note: Sample TimeStamps are START times
2025-12-10 11:42:21,165 INFO o.a.j.s.SampleResult: sampleresult.default.encoding is set to UTF-8
2025-12-10 11:42:21,165 INFO o.a.j.s.SampleResult: sampleresult.useNanoTime=true
2025-12-10 11:42:21,165 INFO o.a.j.s.SampleResult: sampleresult.nanoThreadSleep=5000
2025-12-10 11:42:21,217 INFO o.a.j.r.ClassFinder: Will scan jar /opt/homebrew/Cellar/jmeter/5.6.3/libexec/lib/ext/jmeter-plugins-manager-1.9.jar with filter ExtendsClassFilter [parents=[interface org.apache.jmeter.visualizers.ResultRenderer], inner=false, contains=null, notContains=null]. Consider exposing JMeter plugins via META-INF/services, and add JMeter-Skip-Class-Scanning=true manifest attribute so JMeter can skip classfile scanning
2025-12-10 11:42:21,229 INFO o.a.j.r.ClassFinder: Will scan jar /opt/homebrew/Cellar/jmeter/5.6.3/libexec/lib/ext/jmeter-plugins-manager-1.9.jar with filter ExtendsClassFilter [parents=[interface org.apache.jmeter.visualizers.RequestView], inner=false, contains=null, notContains=null]. Consider exposing JMeter plugins via META-INF/services, and add JMeter-Skip-Class-Scanning=true manifest attribute so JMeter can skip classfile scanning
2025-12-10 11:42:22,689 INFO o.j.r.PluginManager: Plugins Status: [jpgc-plugins-manager=1.9, jmeter-core=5.6.3, jmeter-ftp=5.6.3, jmeter-http=5.6.3, jmeter-jdbc=5.6.3, jmeter-jms=5.6.3, jmeter-junit=5.6.3, jmeter-java=5.6.3, jmeter-ldap=5.6.3, jmeter-mail=5.6.3, jmeter-mongodb=5.6.3, jmeter-native=5.6.3, jmeter-tcp=5.6.3, jmeter-components=5.6.3]
2025-12-10 11:42:22,691 INFO o.j.r.PluginManagerMenuItem: Plugins Manager has upgrades: [jpgc-plugins-manager]
2025-12-10 11:42:25,114 INFO o.a.j.e.StandardJMeterEngine: Running the test!
2025-12-10 11:42:25,115 INFO o.a.j.s.SampleEvent: List of sample_variables: []
2025-12-10 11:42:25,115 INFO o.a.j.s.SampleEvent: List of sample_variables: []
2025-12-10 11:42:25,115 INFO o.a.j.e.u.CompoundVariable: Note: Function class names must contain the string: '.functions.'
2025-12-10 11:42:25,116 INFO o.a.j.e.u.CompoundVariable: Note: Function class names must not contain the string: '.gui.'
2025-12-10 11:42:25,145 INFO o.a.j.r.ClassFinder: Will scan jar /opt/homebrew/Cellar/jmeter/5.6.3/libexec/lib/ext/jmeter-plugins-manager-1.9.jar with filter ExtendsClassFilter [parents=[interface org.apache.jmeter.functions.Function], inner=false, contains=null, notContains=null]. Consider exposing JMeter plugins via META-INF/services, and add JMeter-Skip-Class-Scanning=true manifest attribute so JMeter can skip classfile scanning
2025-12-10 11:42:25,149 INFO o.a.j.g.u.JMeterMenuBar: setRunning(true, *local*)
2025-12-10 11:42:25,172 INFO o.a.j.e.StandardJMeterEngine: Starting ThreadGroup: 1 : API Load Test
2025-12-10 11:42:25,172 INFO o.a.j.e.StandardJMeterEngine: Starting 50 threads for group API Load Test.
2025-12-10 11:42:25,173 INFO o.a.j.e.StandardJMeterEngine: Thread will continue on error
2025-12-10 11:42:25,173 INFO o.a.j.t.ThreadGroup: Starting thread group... number=1 threads=50 ramp-up=10 delayedStart=false
2025-12-10 11:42:25,175 INFO o.a.j.t.JMeterThread: Thread started: API Load Test 1-1
2025-12-10 11:42:25,180 INFO o.a.j.p.h.s.HTTPHCAbstractImpl: Local host = Shreyaans-MacBook-Air-190.local
2025-12-10 11:42:25,184 INFO o.a.j.p.h.s.HTTPHC4Impl: HTTP request retry count = 0
2025-12-10 11:42:25,186 INFO o.a.j.t.ThreadGroup: Started thread group number 1
2025-12-10 11:42:25,186 INFO o.a.j.e.StandardJMeterEngine: All thread groups have been started
2025-12-10 11:42:25,302 INFO o.a.j.t.JMeterThread: Thread is done: API Load Test 1-1
2025-12-10 11:42:25,302 INFO o.a.j.t.JMeterThread: Thread finished: API Load Test 1-1
2025-12-10 11:42:25,379 INFO o.a.j.t.JMeterThread: Thread started: API Load Test 1-2
2025-12-10 11:42:25,461 INFO o.a.j.t.JMeterThread: Thread is done: API Load Test 1-2
2025-12-10 11:42:25,462 INFO o.a.j.t.JMeterThread: Thread finished: API Load Test 1-2
2025-12-10 11:42:25,579 INFO o.a.j.t.JMeterThread: Thread started: API Load Test 1-3
2025-12-10 11:42:25,655 INFO o.a.j.t.JMeterThread: Thread is done: API Load Test 1-3
2025-12-10 11:42:25,655 INFO o.a.j.t.JMeterThread: Thread finished: API Load Test 1-3
2025-12-10 11:42:25,779 INFO o.a.j.t.JMeterThread: Thread started: API Load Test 1-4
2025-12-10 11:42:25,866 INFO o.a.j.t.JMeterThread: Thread is done: API Load Test 1-4
2025-12-10 11:42:25,866 INFO o.a.j.t.JMeterThread: Thread finished: API Load Test 1-4
2025-12-10 11:42:25,974 INFO o.a.j.t.JMeterThread: Thread started: API Load Test 1-5
2025-12-10 11:42:26,060 INFO o.a.j.t.JMeterThread: Thread is done: API Load Test 1-5
2025-12-10 11:42:26,060 INFO o.a.j.t.JMeterThread: Thread finished: API Load Test 1-5
2025-12-10 11:42:26,175 INFO o.a.j.t.JMeterThread: Thread started: API Load Test 1-6
2025-12-10 11:42:26,260 INFO o.a.j.t.JMeterThread: Thread is done: API Load Test 1-6
2025-12-10 11:42:26,261 INFO o.a.j.t.JMeterThread: Thread finished: API Load Test 1-6
2025-12-10 11:42:26,375 INFO o.a.j.t.JMeterThread: Thread started: API Load Test 1-7
2025-12-10 11:42:26,449 INFO o.a.j.t.JMeterThread: Thread is done: API Load Test 1-7
2025-12-10 11:42:26,449 INFO o.a.j.t.JMeterThread: Thread finished: API Load Test 1-7
2025-12-10 11:42:26,574 INFO o.a.j.t.JMeterThread: Thread started: API Load Test 1-8
2025-12-10 11:42:26,644 INFO o.a.j.t.JMeterThread: Thread is done: API Load Test 1-8
2025-12-10 11:42:26,644 INFO o.a.j.t.JMeterThread: Thread finished: API Load Test 1-8
2025-12-10 11:42:26,775 INFO o.a.j.t.JMeterThread: Thread started: API Load Test 1-9
2025-12-10 11:42:26,902 INFO o.a.j.t.JMeterThread: Thread is done: API Load Test 1-9
2025-12-10 11:42:26,902 INFO o.a.j.t.JMeterThread: Thread finished: API Load Test 1-9
2025-12-10 11:42:26,978 INFO o.a.j.t.JMeterThread: Thread started: API Load Test 1-10
2025-12-10 11:42:27,042 INFO o.a.j.t.JMeterThread: Thread is done: API Load Test 1-10
2025-12-10 11:42:27,043 INFO o.a.j.t.JMeterThread: Thread finished: API Load Test 1-10
2025-12-10 11:42:27,178 INFO o.a.j.t.JMeterThread: Thread started: API Load Test 1-11
2025-12-10 11:42:27,264 INFO o.a.j.t.JMeterThread: Thread is done: API Load Test 1-11
2025-12-10 11:42:27,265 INFO o.a.j.t.JMeterThread: Thread finished: API Load Test 1-11
2025-12-10 11:42:27,379 INFO o.a.j.t.JMeterThread: Thread started: API Load Test 1-12
2025-12-10 11:42:27,447 INFO o.a.j.t.JMeterThread: Thread is done: API Load Test 1-12
2025-12-10 11:42:27,447 INFO o.a.j.t.JMeterThread: Thread finished: API Load Test 1-12
2025-12-10 11:42:27,578 INFO o.a.j.t.JMeterThread: Thread started: API Load Test 1-13
2025-12-10 11:42:27,666 INFO o.a.j.t.JMeterThread: Thread is done: API Load Test 1-13
2025-12-10 11:42:27,667 INFO o.a.j.t.JMeterThread: Thread finished: API Load Test 1-13
2025-12-10 11:42:27,778 INFO o.a.j.t.JMeterThread: Thread started: API Load Test 1-14
2025-12-10 11:42:27,863 INFO o.a.j.t.JMeterThread: Thread is done: API Load Test 1-14
2025-12-10 11:42:27,863 INFO o.a.j.t.JMeterThread: Thread finished: API Load Test 1-14
2025-12-10 11:42:27,976 INFO o.a.j.t.JMeterThread: Thread started: API Load Test 1-15
2025-12-10 11:42:28,050 INFO o.a.j.t.JMeterThread: Thread is done: API Load Test 1-15
2025-12-10 11:42:28,050 INFO o.a.j.t.JMeterThread: Thread finished: API Load Test 1-15
2025-12-10 11:42:28,179 INFO o.a.j.t.JMeterThread: Thread started: API Load Test 1-16
2025-12-10 11:42:28,244 INFO o.a.j.t.JMeterThread: Thread is done: API Load Test 1-16
2025-12-10 11:42:28,244 INFO o.a.j.t.JMeterThread: Thread finished: API Load Test 1-16
2025-12-10 11:42:28,378 INFO o.a.j.t.JMeterThread: Thread started: API Load Test 1-17
2025-12-10 11:42:28,446 INFO o.a.j.t.JMeterThread: Thread is done: API Load Test 1-17
2025-12-10 11:42:28,446 INFO o.a.j.t.JMeterThread: Thread finished: API Load Test 1-17
2025-12-10 11:42:28,578 INFO o.a.j.t.JMeterThread: Thread started: API Load Test 1-18
2025-12-10 11:42:28,661 INFO o.a.j.t.JMeterThread: Thread is done: API Load Test 1-18
2025-12-10 11:42:28,661 INFO o.a.j.t.JMeterThread: Thread finished: API Load Test 1-18
2025-12-10 11:42:28,779 INFO o.a.j.t.JMeterThread: Thread started: API Load Test 1-19
2025-12-10 11:42:28,856 INFO o.a.j.t.JMeterThread: Thread is done: API Load Test 1-19
2025-12-10 11:42:28,856 INFO o.a.j.t.JMeterThread: Thread finished: API Load Test 1-19
2025-12-10 11:42:28,979 INFO o.a.j.t.JMeterThread: Thread started: API Load Test 1-20
2025-12-10 11:42:29,088 INFO o.a.j.t.JMeterThread: Thread is done: API Load Test 1-20
2025-12-10 11:42:29,088 INFO o.a.j.t.JMeterThread: Thread finished: API Load Test 1-20
2025-12-10 11:42:29,178 INFO o.a.j.t.JMeterThread: Thread started: API Load Test 1-21
2025-12-10 11:42:29,245 INFO o.a.j.t.JMeterThread: Thread is done: API Load Test 1-21
2025-12-10 11:42:29,245 INFO o.a.j.t.JMeterThread: Thread finished: API Load Test 1-21
2025-12-10 11:42:29,374 INFO o.a.j.t.JMeterThread: Thread started: API Load Test 1-22
2025-12-10 11:42:29,446 INFO o.a.j.t.JMeterThread: Thread is done: API Load Test 1-22
2025-12-10 11:42:29,446 INFO o.a.j.t.JMeterThread: Thread finished: API Load Test 1-22
2025-12-10 11:42:29,578 INFO o.a.j.t.JMeterThread: Thread started: API Load Test 1-23
2025-12-10 11:42:29,649 INFO o.a.j.t.JMeterThread: Thread is done: API Load Test 1-23
2025-12-10 11:42:29,649 INFO o.a.j.t.JMeterThread: Thread finished: API Load Test 1-23
2025-12-10 11:42:29,778 INFO o.a.j.t.JMeterThread: Thread started: API Load Test 1-24
2025-12-10 11:42:29,873 INFO o.a.j.t.JMeterThread: Thread is done: API Load Test 1-24
2025-12-10 11:42:29,873 INFO o.a.j.t.JMeterThread: Thread finished: API Load Test 1-24
2025-12-10 11:42:29,979 INFO o.a.j.t.JMeterThread: Thread started: API Load Test 1-25
2025-12-10 11:42:30,044 INFO o.a.j.t.JMeterThread: Thread is done: API Load Test 1-25
2025-12-10 11:42:30,044 INFO o.a.j.t.JMeterThread: Thread finished: API Load Test 1-25
2025-12-10 11:42:30,176 INFO o.a.j.t.JMeterThread: Thread started: API Load Test 1-26
2025-12-10 11:42:30,251 INFO o.a.j.t.JMeterThread: Thread is done: API Load Test 1-26
2025-12-10 11:42:30,251 INFO o.a.j.t.JMeterThread: Thread finished: API Load Test 1-26
2025-12-10 11:42:30,378 INFO o.a.j.t.JMeterThread: Thread started: API Load Test 1-27
2025-12-10 11:42:30,446 INFO o.a.j.t.JMeterThread: Thread is done: API Load Test 1-27
2025-12-10 11:42:30,446 INFO o.a.j.t.JMeterThread: Thread finished: API Load Test 1-27
2025-12-10 11:42:30,577 INFO o.a.j.t.JMeterThread: Thread started: API Load Test 1-28
2025-12-10 11:42:30,643 INFO o.a.j.t.JMeterThread: Thread is done: API Load Test 1-28
2025-12-10 11:42:30,643 INFO o.a.j.t.JMeterThread: Thread finished: API Load Test 1-28
2025-12-10 11:42:30,773 INFO o.a.j.t.JMeterThread: Thread started: API Load Test 1-29
2025-12-10 11:42:30,865 INFO o.a.j.t.JMeterThread: Thread is done: API Load Test 1-29
2025-12-10 11:42:30,865 INFO o.a.j.t.JMeterThread: Thread finished: API Load Test 1-29
2025-12-10 11:42:30,978 INFO o.a.j.t.JMeterThread: Thread started: API Load Test 1-30
2025-12-10 11:42:31,047 INFO o.a.j.t.JMeterThread: Thread is done: API Load Test 1-30
2025-12-10 11:42:31,047 INFO o.a.j.t.JMeterThread: Thread finished: API Load Test 1-30
2025-12-10 11:42:31,178 INFO o.a.j.t.JMeterThread: Thread started: API Load Test 1-31
2025-12-10 11:42:31,265 INFO o.a.j.t.JMeterThread: Thread is done: API Load Test 1-31
2025-12-10 11:42:31,265 INFO o.a.j.t.JMeterThread: Thread finished: API Load Test 1-31
2025-12-10 11:42:31,379 INFO o.a.j.t.JMeterThread: Thread started: API Load Test 1-32
2025-12-10 11:42:31,445 INFO o.a.j.t.JMeterThread: Thread is done: API Load Test 1-32
2025-12-10 11:42:31,445 INFO o.a.j.t.JMeterThread: Thread finished: API Load Test 1-32
2025-12-10 11:42:31,578 INFO o.a.j.t.JMeterThread: Thread started: API Load Test 1-33
2025-12-10 11:42:31,649 INFO o.a.j.t.JMeterThread: Thread is done: API Load Test 1-33
2025-12-10 11:42:31,649 INFO o.a.j.t.JMeterThread: Thread finished: API Load Test 1-33
2025-12-10 11:42:31,778 INFO o.a.j.t.JMeterThread: Thread started: API Load Test 1-34
2025-12-10 11:42:31,857 INFO o.a.j.t.JMeterThread: Thread is done: API Load Test 1-34
2025-12-10 11:42:31,858 INFO o.a.j.t.JMeterThread: Thread finished: API Load Test 1-34
2025-12-10 11:42:31,978 INFO o.a.j.t.JMeterThread: Thread started: API Load Test 1-35
2025-12-10 11:42:32,045 INFO o.a.j.t.JMeterThread: Thread is done: API Load Test 1-35
2025-12-10 11:42:32,046 INFO o.a.j.t.JMeterThread: Thread finished: API Load Test 1-35
2025-12-10 11:42:32,178 INFO o.a.j.t.JMeterThread: Thread started: API Load Test 1-36
2025-12-10 11:42:32,249 INFO o.a.j.t.JMeterThread: Thread is done: API Load Test 1-36
2025-12-10 11:42:32,249 INFO o.a.j.t.JMeterThread: Thread finished: API Load Test 1-36
2025-12-10 11:42:32,379 INFO o.a.j.t.JMeterThread: Thread started: API Load Test 1-37
2025-12-10 11:42:32,452 INFO o.a.j.t.JMeterThread: Thread is done: API Load Test 1-37
2025-12-10 11:42:32,452 INFO o.a.j.t.JMeterThread: Thread finished: API Load Test 1-37
2025-12-10 11:42:32,578 INFO o.a.j.t.JMeterThread: Thread started: API Load Test 1-38
2025-12-10 11:42:32,647 INFO o.a.j.t.JMeterThread: Thread is done: API Load Test 1-38
2025-12-10 11:42:32,647 INFO o.a.j.t.JMeterThread: Thread finished: API Load Test 1-38
2025-12-10 11:42:32,778 INFO o.a.j.t.JMeterThread: Thread started: API Load Test 1-39
2025-12-10 11:42:32,857 INFO o.a.j.t.JMeterThread: Thread is done: API Load Test 1-39
2025-12-10 11:42:32,857 INFO o.a.j.t.JMeterThread: Thread finished: API Load Test 1-39
2025-12-10 11:42:32,978 INFO o.a.j.t.JMeterThread: Thread started: API Load Test 1-40
2025-12-10 11:42:33,055 INFO o.a.j.t.JMeterThread: Thread is done: API Load Test 1-40
2025-12-10 11:42:33,055 INFO o.a.j.t.JMeterThread: Thread finished: API Load Test 1-40
2025-12-10 11:42:33,178 INFO o.a.j.t.JMeterThread: Thread started: API Load Test 1-41
2025-12-10 11:42:33,243 INFO o.a.j.t.JMeterThread: Thread is done: API Load Test 1-41
2025-12-10 11:42:33,243 INFO o.a.j.t.JMeterThread: Thread finished: API Load Test 1-41
2025-12-10 11:42:33,376 INFO o.a.j.t.JMeterThread: Thread started: API Load Test 1-42
2025-12-10 11:42:33,449 INFO o.a.j.t.JMeterThread: Thread is done: API Load Test 1-42
2025-12-10 11:42:33,449 INFO o.a.j.t.JMeterThread: Thread finished: API Load Test 1-42
2025-12-10 11:42:33,575 INFO o.a.j.t.JMeterThread: Thread started: API Load Test 1-43
2025-12-10 11:42:33,647 INFO o.a.j.t.JMeterThread: Thread is done: API Load Test 1-43
2025-12-10 11:42:33,648 INFO o.a.j.t.JMeterThread: Thread finished: API Load Test 1-43
2025-12-10 11:42:33,777 INFO o.a.j.t.JMeterThread: Thread started: API Load Test 1-44
2025-12-10 11:42:33,861 INFO o.a.j.t.JMeterThread: Thread is done: API Load Test 1-44
2025-12-10 11:42:33,861 INFO o.a.j.t.JMeterThread: Thread finished: API Load Test 1-44
2025-12-10 11:42:33,978 INFO o.a.j.t.JMeterThread: Thread started: API Load Test 1-45
2025-12-10 11:42:34,046 INFO o.a.j.t.JMeterThread: Thread is done: API Load Test 1-45
2025-12-10 11:42:34,046 INFO o.a.j.t.JMeterThread: Thread finished: API Load Test 1-45
2025-12-10 11:42:34,178 INFO o.a.j.t.JMeterThread: Thread started: API Load Test 1-46
2025-12-10 11:42:34,244 INFO o.a.j.t.JMeterThread: Thread is done: API Load Test 1-46
2025-12-10 11:42:34,244 INFO o.a.j.t.JMeterThread: Thread finished: API Load Test 1-46
2025-12-10 11:42:34,378 INFO o.a.j.t.JMeterThread: Thread started: API Load Test 1-47
2025-12-10 11:42:34,442 INFO o.a.j.t.JMeterThread: Thread is done: API Load Test 1-47
2025-12-10 11:42:34,442 INFO o.a.j.t.JMeterThread: Thread finished: API Load Test 1-47
2025-12-10 11:42:34,574 INFO o.a.j.t.JMeterThread: Thread started: API Load Test 1-48
2025-12-10 11:42:34,639 INFO o.a.j.t.JMeterThread: Thread is done: API Load Test 1-48
2025-12-10 11:42:34,639 INFO o.a.j.t.JMeterThread: Thread finished: API Load Test 1-48
2025-12-10 11:42:34,779 INFO o.a.j.t.JMeterThread: Thread started: API Load Test 1-49
2025-12-10 11:42:34,896 INFO o.a.j.t.JMeterThread: Thread is done: API Load Test 1-49
2025-12-10 11:42:34,896 INFO o.a.j.t.JMeterThread: Thread finished: API Load Test 1-49
2025-12-10 11:42:34,976 INFO o.a.j.t.JMeterThread: Thread started: API Load Test 1-50
2025-12-10 11:42:35,039 INFO o.a.j.t.JMeterThread: Thread is done: API Load Test 1-50
2025-12-10 11:42:35,040 INFO o.a.j.t.JMeterThread: Thread finished: API Load Test 1-50
2025-12-10 11:42:35,040 INFO o.a.j.e.StandardJMeterEngine: Notifying test listeners of end of test
2025-12-10 11:42:35,040 INFO o.a.j.g.u.JMeterMenuBar: setRunning(false, *local*)
